SF:lib/db/database_helper.dart
DA:5,3
DA:9,1
DA:11,1
DA:12,1
DA:15,1
DA:17,1
DA:21,1
DA:22,1
DA:23,1
DA:25,1
DA:28,1
DA:29,1
DA:33,0
DA:34,0
DA:49,0
DA:60,0
DA:72,0
DA:73,0
DA:74,0
DA:85,0
DA:86,0
DA:99,1
DA:100,1
DA:101,1
DA:104,0
DA:105,0
DA:106,0
DA:109,0
DA:111,0
DA:114,1
DA:115,1
DA:116,1
DA:119,1
DA:121,1
DA:124,1
DA:125,1
DA:126,1
DA:129,1
DA:131,1
DA:132,1
DA:135,1
DA:136,1
DA:137,1
DA:140,1
DA:144,1
DA:146,1
DA:147,1
DA:150,1
DA:154,1
DA:155,1
DA:156,1
DA:159,1
DA:163,1
DA:164,1
DA:165,1
DA:168,1
LF:56
LH:42
end_of_record
